<?xml version="1.0" encoding="UTF-8"?>
<!-- Generated by org.testng.reporters.JUnitReportReporter -->
<testsuite hostname="archlinux" failures="0" tests="4" name="com.testing.SwagLabsTest" time="9.094" errors="0" timestamp="2025-10-06T21:30:24 IST" skipped="0">
  <testcase classname="com.testing.SwagLabsTest" name="testValidLoginAndAddToCart" time="5.262"/>
  <testcase classname="com.testing.SwagLabsTest" name="testValidLoginAndAddToCart" time="2.794"/>
  <testcase classname="com.testing.SwagLabsTest" name="testInvalidLogin" time="0.441"/>
  <testcase classname="com.testing.SwagLabsTest" name="testInvalidLogin" time="0.597"/>
</testsuite> <!-- com.testing.SwagLabsTest -->
