<?xml version="1.0" encoding="UTF-8"?>
<!-- Generated by org.testng.reporters.JUnitReportReporter -->
<testsuite hostname="archlinux" failures="0" tests="4" name="com.testing.SwagLabsTest" time="9.800" errors="0" timestamp="2025-10-03T11:58:02 IST" skipped="0">
  <testcase classname="com.testing.SwagLabsTest" name="testValidLoginAndAddToCart" time="2.316"/>
  <testcase classname="com.testing.SwagLabsTest" name="testValidLoginAndAddToCart" time="6.396"/>
  <testcase classname="com.testing.SwagLabsTest" name="testInvalidLogin" time="0.679"/>
  <testcase classname="com.testing.SwagLabsTest" name="testInvalidLogin" time="0.409"/>
</testsuite> <!-- com.testing.SwagLabsTest -->
